{"/Users/madhavkanhaiya/Desktop/INCUBYTE/server.js": {"path":"/Users/madhavkanhaiya/Desktop/INCUBYTE/server.js","statementMap":{"0":{"start":{"line":1,"column":16},"end":{"line":1,"column":34}},"1":{"start":{"line":2,"column":16},"end":{"line":2,"column":44}},"2":{"start":{"line":3,"column":13},"end":{"line":3,"column":28}},"3":{"start":{"line":4,"column":19},"end":{"line":4,"column":41}},"4":{"start":{"line":5,"column":13},"end":{"line":5,"column":28}},"5":{"start":{"line":6,"column":12},"end":{"line":6,"column":35}},"6":{"start":{"line":7,"column":15},"end":{"line":7,"column":32}},"7":{"start":{"line":9,"column":12},"end":{"line":9,"column":21}},"8":{"start":{"line":10,"column":13},"end":{"line":10,"column":37}},"9":{"start":{"line":11,"column":16},"end":{"line":11,"column":32}},"10":{"start":{"line":12,"column":19},"end":{"line":12,"column":83}},"11":{"start":{"line":15,"column":0},"end":{"line":15,"column":16}},"12":{"start":{"line":16,"column":0},"end":{"line":16,"column":27}},"13":{"start":{"line":17,"column":0},"end":{"line":17,"column":51}},"14":{"start":{"line":18,"column":0},"end":{"line":18,"column":35}},"15":{"start":{"line":21,"column":11},"end":{"line":28,"column":2}},"16":{"start":{"line":22,"column":4},"end":{"line":27,"column":5}},"17":{"start":{"line":23,"column":8},"end":{"line":23,"column":62}},"18":{"start":{"line":25,"column":8},"end":{"line":25,"column":53}},"19":{"start":{"line":26,"column":8},"end":{"line":26,"column":27}},"20":{"start":{"line":32,"column":4},"end":{"line":97,"column":7}},"21":{"start":{"line":34,"column":8},"end":{"line":41,"column":12}},"22":{"start":{"line":44,"column":8},"end":{"line":51,"column":12}},"23":{"start":{"line":54,"column":8},"end":{"line":61,"column":12}},"24":{"start":{"line":64,"column":8},"end":{"line":72,"column":12}},"25":{"start":{"line":75,"column":8},"end":{"line":86,"column":12}},"26":{"start":{"line":89,"column":37},"end":{"line":89,"column":68}},"27":{"start":{"line":90,"column":8},"end":{"line":94,"column":19}},"28":{"start":{"line":93,"column":20},"end":{"line":93,"column":78}},"29":{"start":{"line":93,"column":29},"end":{"line":93,"column":78}},"30":{"start":{"line":96,"column":8},"end":{"line":96,"column":52}},"31":{"start":{"line":102,"column":23},"end":{"line":102,"column":51}},"32":{"start":{"line":103,"column":18},"end":{"line":103,"column":56}},"33":{"start":{"line":105,"column":4},"end":{"line":107,"column":5}},"34":{"start":{"line":106,"column":8},"end":{"line":106,"column":72}},"35":{"start":{"line":109,"column":4},"end":{"line":115,"column":7}},"36":{"start":{"line":110,"column":8},"end":{"line":112,"column":9}},"37":{"start":{"line":111,"column":12},"end":{"line":111,"column":79}},"38":{"start":{"line":113,"column":8},"end":{"line":113,"column":24}},"39":{"start":{"line":114,"column":8},"end":{"line":114,"column":15}},"40":{"start":{"line":120,"column":4},"end":{"line":122,"column":5}},"41":{"start":{"line":121,"column":8},"end":{"line":121,"column":72}},"42":{"start":{"line":123,"column":4},"end":{"line":123,"column":11}},"43":{"start":{"line":129,"column":0},"end":{"line":173,"column":3}},"44":{"start":{"line":130,"column":42},"end":{"line":130,"column":50}},"45":{"start":{"line":132,"column":4},"end":{"line":134,"column":5}},"46":{"start":{"line":133,"column":8},"end":{"line":133,"column":93}},"47":{"start":{"line":136,"column":4},"end":{"line":138,"column":5}},"48":{"start":{"line":137,"column":8},"end":{"line":137,"column":89}},"49":{"start":{"line":141,"column":4},"end":{"line":172,"column":7}},"50":{"start":{"line":142,"column":8},"end":{"line":144,"column":9}},"51":{"start":{"line":143,"column":12},"end":{"line":143,"column":64}},"52":{"start":{"line":145,"column":8},"end":{"line":147,"column":9}},"53":{"start":{"line":146,"column":12},"end":{"line":146,"column":87}},"54":{"start":{"line":150,"column":31},"end":{"line":150,"column":62}},"55":{"start":{"line":153,"column":8},"end":{"line":171,"column":10}},"56":{"start":{"line":157,"column":16},"end":{"line":159,"column":17}},"57":{"start":{"line":158,"column":20},"end":{"line":158,"column":72}},"58":{"start":{"line":160,"column":30},"end":{"line":164,"column":17}},"59":{"start":{"line":165,"column":16},"end":{"line":169,"column":19}},"60":{"start":{"line":176,"column":0},"end":{"line":208,"column":3}},"61":{"start":{"line":177,"column":35},"end":{"line":177,"column":43}},"62":{"start":{"line":179,"column":4},"end":{"line":181,"column":5}},"63":{"start":{"line":180,"column":8},"end":{"line":180,"column":85}},"64":{"start":{"line":183,"column":4},"end":{"line":207,"column":7}},"65":{"start":{"line":184,"column":8},"end":{"line":186,"column":9}},"66":{"start":{"line":185,"column":12},"end":{"line":185,"column":64}},"67":{"start":{"line":187,"column":8},"end":{"line":189,"column":9}},"68":{"start":{"line":188,"column":12},"end":{"line":188,"column":74}},"69":{"start":{"line":191,"column":30},"end":{"line":191,"column":75}},"70":{"start":{"line":192,"column":8},"end":{"line":194,"column":9}},"71":{"start":{"line":193,"column":12},"end":{"line":193,"column":74}},"72":{"start":{"line":196,"column":22},"end":{"line":200,"column":9}},"73":{"start":{"line":202,"column":8},"end":{"line":206,"column":11}},"74":{"start":{"line":213,"column":0},"end":{"line":221,"column":3}},"75":{"start":{"line":214,"column":4},"end":{"line":220,"column":7}},"76":{"start":{"line":215,"column":8},"end":{"line":218,"column":9}},"77":{"start":{"line":216,"column":12},"end":{"line":216,"column":57}},"78":{"start":{"line":217,"column":12},"end":{"line":217,"column":19}},"79":{"start":{"line":219,"column":8},"end":{"line":219,"column":23}},"80":{"start":{"line":224,"column":0},"end":{"line":258,"column":3}},"81":{"start":{"line":225,"column":51},"end":{"line":225,"column":60}},"82":{"start":{"line":226,"column":16},"end":{"line":226,"column":48}},"83":{"start":{"line":227,"column":17},"end":{"line":227,"column":19}},"84":{"start":{"line":229,"column":4},"end":{"line":232,"column":5}},"85":{"start":{"line":230,"column":8},"end":{"line":230,"column":36}},"86":{"start":{"line":231,"column":8},"end":{"line":231,"column":33}},"87":{"start":{"line":234,"column":4},"end":{"line":237,"column":5}},"88":{"start":{"line":235,"column":8},"end":{"line":235,"column":40}},"89":{"start":{"line":236,"column":8},"end":{"line":236,"column":37}},"90":{"start":{"line":239,"column":4},"end":{"line":242,"column":5}},"91":{"start":{"line":240,"column":8},"end":{"line":240,"column":35}},"92":{"start":{"line":241,"column":8},"end":{"line":241,"column":42}},"93":{"start":{"line":244,"column":4},"end":{"line":247,"column":5}},"94":{"start":{"line":245,"column":8},"end":{"line":245,"column":35}},"95":{"start":{"line":246,"column":8},"end":{"line":246,"column":42}},"96":{"start":{"line":249,"column":4},"end":{"line":249,"column":33}},"97":{"start":{"line":251,"column":4},"end":{"line":257,"column":7}},"98":{"start":{"line":252,"column":8},"end":{"line":255,"column":9}},"99":{"start":{"line":253,"column":12},"end":{"line":253,"column":57}},"100":{"start":{"line":254,"column":12},"end":{"line":254,"column":19}},"101":{"start":{"line":256,"column":8},"end":{"line":256,"column":23}},"102":{"start":{"line":261,"column":0},"end":{"line":293,"column":3}},"103":{"start":{"line":262,"column":48},"end":{"line":262,"column":56}},"104":{"start":{"line":264,"column":4},"end":{"line":266,"column":5}},"105":{"start":{"line":265,"column":8},"end":{"line":265,"column":74}},"106":{"start":{"line":268,"column":4},"end":{"line":270,"column":5}},"107":{"start":{"line":269,"column":8},"end":{"line":269,"column":79}},"108":{"start":{"line":272,"column":4},"end":{"line":274,"column":5}},"109":{"start":{"line":273,"column":8},"end":{"line":273,"column":78}},"110":{"start":{"line":276,"column":4},"end":{"line":292,"column":6}},"111":{"start":{"line":280,"column":12},"end":{"line":283,"column":13}},"112":{"start":{"line":281,"column":16},"end":{"line":281,"column":61}},"113":{"start":{"line":282,"column":16},"end":{"line":282,"column":23}},"114":{"start":{"line":284,"column":12},"end":{"line":290,"column":15}},"115":{"start":{"line":296,"column":0},"end":{"line":334,"column":3}},"116":{"start":{"line":297,"column":15},"end":{"line":297,"column":28}},"117":{"start":{"line":298,"column":48},"end":{"line":298,"column":56}},"118":{"start":{"line":300,"column":4},"end":{"line":302,"column":5}},"119":{"start":{"line":301,"column":8},"end":{"line":301,"column":74}},"120":{"start":{"line":304,"column":4},"end":{"line":306,"column":5}},"121":{"start":{"line":305,"column":8},"end":{"line":305,"column":79}},"122":{"start":{"line":308,"column":4},"end":{"line":310,"column":5}},"123":{"start":{"line":309,"column":8},"end":{"line":309,"column":78}},"124":{"start":{"line":312,"column":4},"end":{"line":333,"column":6}},"125":{"start":{"line":316,"column":12},"end":{"line":319,"column":13}},"126":{"start":{"line":317,"column":16},"end":{"line":317,"column":61}},"127":{"start":{"line":318,"column":16},"end":{"line":318,"column":23}},"128":{"start":{"line":320,"column":12},"end":{"line":323,"column":13}},"129":{"start":{"line":321,"column":16},"end":{"line":321,"column":67}},"130":{"start":{"line":322,"column":16},"end":{"line":322,"column":23}},"131":{"start":{"line":324,"column":12},"end":{"line":331,"column":15}},"132":{"start":{"line":337,"column":0},"end":{"line":350,"column":3}},"133":{"start":{"line":338,"column":15},"end":{"line":338,"column":28}},"134":{"start":{"line":339,"column":4},"end":{"line":349,"column":7}},"135":{"start":{"line":340,"column":8},"end":{"line":343,"column":9}},"136":{"start":{"line":341,"column":12},"end":{"line":341,"column":57}},"137":{"start":{"line":342,"column":12},"end":{"line":342,"column":19}},"138":{"start":{"line":344,"column":8},"end":{"line":347,"column":9}},"139":{"start":{"line":345,"column":12},"end":{"line":345,"column":63}},"140":{"start":{"line":346,"column":12},"end":{"line":346,"column":19}},"141":{"start":{"line":348,"column":8},"end":{"line":348,"column":60}},"142":{"start":{"line":353,"column":0},"end":{"line":399,"column":3}},"143":{"start":{"line":354,"column":15},"end":{"line":354,"column":28}},"144":{"start":{"line":355,"column":43},"end":{"line":355,"column":51}},"145":{"start":{"line":357,"column":4},"end":{"line":359,"column":5}},"146":{"start":{"line":358,"column":8},"end":{"line":358,"column":82}},"147":{"start":{"line":362,"column":4},"end":{"line":398,"column":7}},"148":{"start":{"line":363,"column":8},"end":{"line":365,"column":9}},"149":{"start":{"line":364,"column":12},"end":{"line":364,"column":64}},"150":{"start":{"line":366,"column":8},"end":{"line":368,"column":9}},"151":{"start":{"line":367,"column":12},"end":{"line":367,"column":70}},"152":{"start":{"line":370,"column":8},"end":{"line":374,"column":9}},"153":{"start":{"line":371,"column":12},"end":{"line":373,"column":15}},"154":{"start":{"line":377,"column":8},"end":{"line":397,"column":10}},"155":{"start":{"line":381,"column":16},"end":{"line":383,"column":17}},"156":{"start":{"line":382,"column":20},"end":{"line":382,"column":78}},"157":{"start":{"line":386,"column":16},"end":{"line":395,"column":19}},"158":{"start":{"line":387,"column":20},"end":{"line":389,"column":21}},"159":{"start":{"line":388,"column":24},"end":{"line":388,"column":76}},"160":{"start":{"line":390,"column":20},"end":{"line":394,"column":23}},"161":{"start":{"line":402,"column":0},"end":{"line":442,"column":3}},"162":{"start":{"line":403,"column":15},"end":{"line":403,"column":28}},"163":{"start":{"line":404,"column":42},"end":{"line":404,"column":50}},"164":{"start":{"line":406,"column":4},"end":{"line":408,"column":5}},"165":{"start":{"line":407,"column":8},"end":{"line":407,"column":90}},"166":{"start":{"line":411,"column":4},"end":{"line":441,"column":7}},"167":{"start":{"line":412,"column":8},"end":{"line":414,"column":9}},"168":{"start":{"line":413,"column":12},"end":{"line":413,"column":64}},"169":{"start":{"line":415,"column":8},"end":{"line":417,"column":9}},"170":{"start":{"line":416,"column":12},"end":{"line":416,"column":70}},"171":{"start":{"line":420,"column":8},"end":{"line":440,"column":10}},"172":{"start":{"line":424,"column":16},"end":{"line":426,"column":17}},"173":{"start":{"line":425,"column":20},"end":{"line":425,"column":78}},"174":{"start":{"line":429,"column":16},"end":{"line":438,"column":19}},"175":{"start":{"line":430,"column":20},"end":{"line":432,"column":21}},"176":{"start":{"line":431,"column":24},"end":{"line":431,"column":76}},"177":{"start":{"line":433,"column":20},"end":{"line":437,"column":23}},"178":{"start":{"line":447,"column":0},"end":{"line":466,"column":3}},"179":{"start":{"line":448,"column":17},"end":{"line":448,"column":31}},"180":{"start":{"line":449,"column":16},"end":{"line":449,"column":37}},"181":{"start":{"line":450,"column":17},"end":{"line":450,"column":19}},"182":{"start":{"line":452,"column":4},"end":{"line":455,"column":5}},"183":{"start":{"line":453,"column":8},"end":{"line":453,"column":46}},"184":{"start":{"line":454,"column":8},"end":{"line":454,"column":24}},"185":{"start":{"line":457,"column":4},"end":{"line":457,"column":40}},"186":{"start":{"line":459,"column":4},"end":{"line":465,"column":7}},"187":{"start":{"line":460,"column":8},"end":{"line":463,"column":9}},"188":{"start":{"line":461,"column":12},"end":{"line":461,"column":57}},"189":{"start":{"line":462,"column":12},"end":{"line":462,"column":19}},"190":{"start":{"line":464,"column":8},"end":{"line":464,"column":23}},"191":{"start":{"line":469,"column":0},"end":{"line":531,"column":3}},"192":{"start":{"line":470,"column":65},"end":{"line":470,"column":73}},"193":{"start":{"line":472,"column":4},"end":{"line":474,"column":5}},"194":{"start":{"line":473,"column":8},"end":{"line":473,"column":100}},"195":{"start":{"line":476,"column":4},"end":{"line":478,"column":5}},"196":{"start":{"line":477,"column":8},"end":{"line":477,"column":82}},"197":{"start":{"line":481,"column":4},"end":{"line":530,"column":7}},"198":{"start":{"line":482,"column":8},"end":{"line":484,"column":9}},"199":{"start":{"line":483,"column":12},"end":{"line":483,"column":64}},"200":{"start":{"line":485,"column":8},"end":{"line":487,"column":9}},"201":{"start":{"line":486,"column":12},"end":{"line":486,"column":72}},"202":{"start":{"line":488,"column":8},"end":{"line":490,"column":9}},"203":{"start":{"line":489,"column":12},"end":{"line":489,"column":113}},"204":{"start":{"line":492,"column":22},"end":{"line":492,"column":46}},"205":{"start":{"line":495,"column":8},"end":{"line":529,"column":10}},"206":{"start":{"line":499,"column":16},"end":{"line":501,"column":17}},"207":{"start":{"line":500,"column":20},"end":{"line":500,"column":76}},"208":{"start":{"line":504,"column":16},"end":{"line":527,"column":18}},"209":{"start":{"line":508,"column":24},"end":{"line":510,"column":25}},"210":{"start":{"line":509,"column":28},"end":{"line":509,"column":85}},"211":{"start":{"line":513,"column":39},"end":{"line":513,"column":50}},"212":{"start":{"line":514,"column":24},"end":{"line":525,"column":27}},"213":{"start":{"line":515,"column":28},"end":{"line":524,"column":31}},"214":{"start":{"line":535,"column":23},"end":{"line":535,"column":44}},"215":{"start":{"line":538,"column":4},"end":{"line":577,"column":7}},"216":{"start":{"line":539,"column":8},"end":{"line":542,"column":9}},"217":{"start":{"line":540,"column":12},"end":{"line":540,"column":58}},"218":{"start":{"line":541,"column":12},"end":{"line":541,"column":30}},"219":{"start":{"line":544,"column":8},"end":{"line":576,"column":9}},"220":{"start":{"line":546,"column":12},"end":{"line":550,"column":14}},"221":{"start":{"line":551,"column":15},"end":{"line":576,"column":9}},"222":{"start":{"line":553,"column":12},"end":{"line":568,"column":15}},"223":{"start":{"line":554,"column":16},"end":{"line":567,"column":17}},"224":{"start":{"line":555,"column":20},"end":{"line":559,"column":22}},"225":{"start":{"line":562,"column":20},"end":{"line":566,"column":22}},"226":{"start":{"line":571,"column":12},"end":{"line":575,"column":14}},"227":{"start":{"line":583,"column":0},"end":{"line":602,"column":3}},"228":{"start":{"line":584,"column":19},"end":{"line":584,"column":41}},"229":{"start":{"line":585,"column":16},"end":{"line":585,"column":41}},"230":{"start":{"line":586,"column":17},"end":{"line":586,"column":19}},"231":{"start":{"line":588,"column":4},"end":{"line":591,"column":5}},"232":{"start":{"line":589,"column":8},"end":{"line":589,"column":54}},"233":{"start":{"line":590,"column":8},"end":{"line":590,"column":48}},"234":{"start":{"line":593,"column":4},"end":{"line":593,"column":44}},"235":{"start":{"line":595,"column":4},"end":{"line":601,"column":7}},"236":{"start":{"line":596,"column":8},"end":{"line":599,"column":9}},"237":{"start":{"line":597,"column":12},"end":{"line":597,"column":57}},"238":{"start":{"line":598,"column":12},"end":{"line":598,"column":19}},"239":{"start":{"line":600,"column":8},"end":{"line":600,"column":23}},"240":{"start":{"line":607,"column":0},"end":{"line":642,"column":3}},"241":{"start":{"line":608,"column":18},"end":{"line":608,"column":20}},"242":{"start":{"line":611,"column":4},"end":{"line":641,"column":7}},"243":{"start":{"line":612,"column":8},"end":{"line":612,"column":69}},"244":{"start":{"line":612,"column":17},"end":{"line":612,"column":69}},"245":{"start":{"line":613,"column":8},"end":{"line":613,"column":40}},"246":{"start":{"line":616,"column":8},"end":{"line":640,"column":11}},"247":{"start":{"line":617,"column":12},"end":{"line":617,"column":73}},"248":{"start":{"line":617,"column":21},"end":{"line":617,"column":73}},"249":{"start":{"line":618,"column":12},"end":{"line":618,"column":44}},"250":{"start":{"line":621,"column":26},"end":{"line":621,"column":64}},"251":{"start":{"line":622,"column":12},"end":{"line":639,"column":15}},"252":{"start":{"line":623,"column":16},"end":{"line":623,"column":77}},"253":{"start":{"line":623,"column":25},"end":{"line":623,"column":77}},"254":{"start":{"line":624,"column":16},"end":{"line":624,"column":45}},"255":{"start":{"line":627,"column":16},"end":{"line":638,"column":19}},"256":{"start":{"line":628,"column":20},"end":{"line":628,"column":81}},"257":{"start":{"line":628,"column":29},"end":{"line":628,"column":81}},"258":{"start":{"line":629,"column":20},"end":{"line":629,"column":53}},"259":{"start":{"line":632,"column":20},"end":{"line":637,"column":23}},"260":{"start":{"line":633,"column":24},"end":{"line":633,"column":85}},"261":{"start":{"line":633,"column":33},"end":{"line":633,"column":85}},"262":{"start":{"line":634,"column":24},"end":{"line":634,"column":49}},"263":{"start":{"line":636,"column":24},"end":{"line":636,"column":40}},"264":{"start":{"line":647,"column":0},"end":{"line":683,"column":3}},"265":{"start":{"line":648,"column":20},"end":{"line":648,"column":22}},"266":{"start":{"line":651,"column":4},"end":{"line":682,"column":7}},"267":{"start":{"line":652,"column":8},"end":{"line":652,"column":69}},"268":{"start":{"line":652,"column":17},"end":{"line":652,"column":69}},"269":{"start":{"line":653,"column":8},"end":{"line":653,"column":39}},"270":{"start":{"line":654,"column":8},"end":{"line":654,"column":39}},"271":{"start":{"line":655,"column":8},"end":{"line":655,"column":68}},"272":{"start":{"line":658,"column":8},"end":{"line":681,"column":11}},"273":{"start":{"line":665,"column":12},"end":{"line":665,"column":73}},"274":{"start":{"line":665,"column":21},"end":{"line":665,"column":73}},"275":{"start":{"line":666,"column":12},"end":{"line":666,"column":39}},"276":{"start":{"line":669,"column":12},"end":{"line":680,"column":15}},"277":{"start":{"line":676,"column":16},"end":{"line":676,"column":77}},"278":{"start":{"line":676,"column":25},"end":{"line":676,"column":77}},"279":{"start":{"line":677,"column":16},"end":{"line":677,"column":45}},"280":{"start":{"line":679,"column":16},"end":{"line":679,"column":34}},"281":{"start":{"line":686,"column":0},"end":{"line":696,"column":1}},"282":{"start":{"line":687,"column":4},"end":{"line":687,"column":68}},"283":{"start":{"line":688,"column":4},"end":{"line":690,"column":7}},"284":{"start":{"line":689,"column":8},"end":{"line":689,"column":75}},"285":{"start":{"line":693,"column":4},"end":{"line":695,"column":7}},"286":{"start":{"line":694,"column":8},"end":{"line":694,"column":57}},"287":{"start":{"line":699,"column":0},"end":{"line":702,"column":3}},"288":{"start":{"line":700,"column":4},"end":{"line":700,"column":62}},"289":{"start":{"line":701,"column":4},"end":{"line":701,"column":58}},"290":{"start":{"line":705,"column":0},"end":{"line":714,"column":3}},"291":{"start":{"line":706,"column":4},"end":{"line":713,"column":7}},"292":{"start":{"line":707,"column":8},"end":{"line":711,"column":9}},"293":{"start":{"line":708,"column":12},"end":{"line":708,"column":66}},"294":{"start":{"line":710,"column":12},"end":{"line":710,"column":55}},"295":{"start":{"line":712,"column":8},"end":{"line":712,"column":24}}},"fnMap":{"0":{"name":"(anonymous_0)","decl":{"start":{"line":21,"column":41},"end":{"line":21,"column":42}},"loc":{"start":{"line":21,"column":50},"end":{"line":28,"column":1}},"line":21},"1":{"name":"initializeTables","decl":{"start":{"line":31,"column":9},"end":{"line":31,"column":25}},"loc":{"start":{"line":31,"column":28},"end":{"line":98,"column":1}},"line":31},"2":{"name":"(anonymous_2)","decl":{"start":{"line":32,"column":17},"end":{"line":32,"column":18}},"loc":{"start":{"line":32,"column":23},"end":{"line":97,"column":5}},"line":32},"3":{"name":"(anonymous_3)","decl":{"start":{"line":92,"column":40},"end":{"line":92,"column":41}},"loc":{"start":{"line":92,"column":49},"end":{"line":94,"column":17}},"line":92},"4":{"name":"authenticateToken","decl":{"start":{"line":101,"column":9},"end":{"line":101,"column":26}},"loc":{"start":{"line":101,"column":43},"end":{"line":116,"column":1}},"line":101},"5":{"name":"(anonymous_5)","decl":{"start":{"line":109,"column":34},"end":{"line":109,"column":35}},"loc":{"start":{"line":109,"column":49},"end":{"line":115,"column":5}},"line":109},"6":{"name":"requireAdmin","decl":{"start":{"line":119,"column":9},"end":{"line":119,"column":21}},"loc":{"start":{"line":119,"column":38},"end":{"line":124,"column":1}},"line":119},"7":{"name":"(anonymous_7)","decl":{"start":{"line":129,"column":31},"end":{"line":129,"column":32}},"loc":{"start":{"line":129,"column":51},"end":{"line":173,"column":1}},"line":129},"8":{"name":"(anonymous_8)","decl":{"start":{"line":141,"column":85},"end":{"line":141,"column":86}},"loc":{"start":{"line":141,"column":114},"end":{"line":172,"column":5}},"line":141},"9":{"name":"(anonymous_9)","decl":{"start":{"line":156,"column":12},"end":{"line":156,"column":13}},"loc":{"start":{"line":156,"column":26},"end":{"line":170,"column":13}},"line":156},"10":{"name":"(anonymous_10)","decl":{"start":{"line":176,"column":28},"end":{"line":176,"column":29}},"loc":{"start":{"line":176,"column":42},"end":{"line":208,"column":1}},"line":176},"11":{"name":"(anonymous_11)","decl":{"start":{"line":183,"column":88},"end":{"line":183,"column":89}},"loc":{"start":{"line":183,"column":109},"end":{"line":207,"column":5}},"line":183},"12":{"name":"(anonymous_12)","decl":{"start":{"line":213,"column":42},"end":{"line":213,"column":43}},"loc":{"start":{"line":213,"column":56},"end":{"line":221,"column":1}},"line":213},"13":{"name":"(anonymous_13)","decl":{"start":{"line":214,"column":56},"end":{"line":214,"column":57}},"loc":{"start":{"line":214,"column":71},"end":{"line":220,"column":5}},"line":214},"14":{"name":"(anonymous_14)","decl":{"start":{"line":224,"column":49},"end":{"line":224,"column":50}},"loc":{"start":{"line":224,"column":63},"end":{"line":258,"column":1}},"line":224},"15":{"name":"(anonymous_15)","decl":{"start":{"line":251,"column":26},"end":{"line":251,"column":27}},"loc":{"start":{"line":251,"column":41},"end":{"line":257,"column":5}},"line":251},"16":{"name":"(anonymous_16)","decl":{"start":{"line":261,"column":57},"end":{"line":261,"column":58}},"loc":{"start":{"line":261,"column":71},"end":{"line":293,"column":1}},"line":261},"17":{"name":"(anonymous_17)","decl":{"start":{"line":279,"column":8},"end":{"line":279,"column":9}},"loc":{"start":{"line":279,"column":22},"end":{"line":291,"column":9}},"line":279},"18":{"name":"(anonymous_18)","decl":{"start":{"line":296,"column":60},"end":{"line":296,"column":61}},"loc":{"start":{"line":296,"column":74},"end":{"line":334,"column":1}},"line":296},"19":{"name":"(anonymous_19)","decl":{"start":{"line":315,"column":8},"end":{"line":315,"column":9}},"loc":{"start":{"line":315,"column":22},"end":{"line":332,"column":9}},"line":315},"20":{"name":"(anonymous_20)","decl":{"start":{"line":337,"column":63},"end":{"line":337,"column":64}},"loc":{"start":{"line":337,"column":77},"end":{"line":350,"column":1}},"line":337},"21":{"name":"(anonymous_21)","decl":{"start":{"line":339,"column":52},"end":{"line":339,"column":53}},"loc":{"start":{"line":339,"column":66},"end":{"line":349,"column":5}},"line":339},"22":{"name":"(anonymous_22)","decl":{"start":{"line":353,"column":56},"end":{"line":353,"column":57}},"loc":{"start":{"line":353,"column":70},"end":{"line":399,"column":1}},"line":353},"23":{"name":"(anonymous_23)","decl":{"start":{"line":362,"column":54},"end":{"line":362,"column":55}},"loc":{"start":{"line":362,"column":70},"end":{"line":398,"column":5}},"line":362},"24":{"name":"(anonymous_24)","decl":{"start":{"line":380,"column":12},"end":{"line":380,"column":13}},"loc":{"start":{"line":380,"column":32},"end":{"line":396,"column":13}},"line":380},"25":{"name":"(anonymous_25)","decl":{"start":{"line":386,"column":66},"end":{"line":386,"column":67}},"loc":{"start":{"line":386,"column":89},"end":{"line":395,"column":17}},"line":386},"26":{"name":"(anonymous_26)","decl":{"start":{"line":402,"column":69},"end":{"line":402,"column":70}},"loc":{"start":{"line":402,"column":83},"end":{"line":442,"column":1}},"line":402},"27":{"name":"(anonymous_27)","decl":{"start":{"line":411,"column":54},"end":{"line":411,"column":55}},"loc":{"start":{"line":411,"column":70},"end":{"line":441,"column":5}},"line":411},"28":{"name":"(anonymous_28)","decl":{"start":{"line":423,"column":12},"end":{"line":423,"column":13}},"loc":{"start":{"line":423,"column":32},"end":{"line":439,"column":13}},"line":423},"29":{"name":"(anonymous_29)","decl":{"start":{"line":429,"column":66},"end":{"line":429,"column":67}},"loc":{"start":{"line":429,"column":89},"end":{"line":438,"column":17}},"line":429},"30":{"name":"(anonymous_30)","decl":{"start":{"line":447,"column":22},"end":{"line":447,"column":23}},"loc":{"start":{"line":447,"column":36},"end":{"line":466,"column":1}},"line":447},"31":{"name":"(anonymous_31)","decl":{"start":{"line":459,"column":26},"end":{"line":459,"column":27}},"loc":{"start":{"line":459,"column":41},"end":{"line":465,"column":5}},"line":459},"32":{"name":"(anonymous_32)","decl":{"start":{"line":469,"column":23},"end":{"line":469,"column":24}},"loc":{"start":{"line":469,"column":37},"end":{"line":531,"column":1}},"line":469},"33":{"name":"(anonymous_33)","decl":{"start":{"line":481,"column":63},"end":{"line":481,"column":64}},"loc":{"start":{"line":481,"column":81},"end":{"line":530,"column":5}},"line":481},"34":{"name":"(anonymous_34)","decl":{"start":{"line":498,"column":12},"end":{"line":498,"column":13}},"loc":{"start":{"line":498,"column":30},"end":{"line":528,"column":13}},"line":498},"35":{"name":"(anonymous_35)","decl":{"start":{"line":507,"column":20},"end":{"line":507,"column":21}},"loc":{"start":{"line":507,"column":34},"end":{"line":526,"column":21}},"line":507},"36":{"name":"(anonymous_36)","decl":{"start":{"line":514,"column":81},"end":{"line":514,"column":82}},"loc":{"start":{"line":514,"column":87},"end":{"line":525,"column":25}},"line":514},"37":{"name":"updateCustomer","decl":{"start":{"line":534,"column":9},"end":{"line":534,"column":23}},"loc":{"start":{"line":534,"column":55},"end":{"line":578,"column":1}},"line":534},"38":{"name":"(anonymous_38)","decl":{"start":{"line":538,"column":68},"end":{"line":538,"column":69}},"loc":{"start":{"line":538,"column":87},"end":{"line":577,"column":5}},"line":538},"39":{"name":"(anonymous_39)","decl":{"start":{"line":553,"column":97},"end":{"line":553,"column":98}},"loc":{"start":{"line":553,"column":122},"end":{"line":568,"column":13}},"line":553},"40":{"name":"(anonymous_40)","decl":{"start":{"line":583,"column":26},"end":{"line":583,"column":27}},"loc":{"start":{"line":583,"column":40},"end":{"line":602,"column":1}},"line":583},"41":{"name":"(anonymous_41)","decl":{"start":{"line":595,"column":26},"end":{"line":595,"column":27}},"loc":{"start":{"line":595,"column":41},"end":{"line":601,"column":5}},"line":595},"42":{"name":"(anonymous_42)","decl":{"start":{"line":607,"column":26},"end":{"line":607,"column":27}},"loc":{"start":{"line":607,"column":40},"end":{"line":642,"column":1}},"line":607},"43":{"name":"(anonymous_43)","decl":{"start":{"line":611,"column":57},"end":{"line":611,"column":58}},"loc":{"start":{"line":611,"column":71},"end":{"line":641,"column":5}},"line":611},"44":{"name":"(anonymous_44)","decl":{"start":{"line":616,"column":78},"end":{"line":616,"column":79}},"loc":{"start":{"line":616,"column":92},"end":{"line":640,"column":9}},"line":616},"45":{"name":"(anonymous_45)","decl":{"start":{"line":622,"column":108},"end":{"line":622,"column":109}},"loc":{"start":{"line":622,"column":122},"end":{"line":639,"column":13}},"line":622},"46":{"name":"(anonymous_46)","decl":{"start":{"line":627,"column":70},"end":{"line":627,"column":71}},"loc":{"start":{"line":627,"column":84},"end":{"line":638,"column":17}},"line":627},"47":{"name":"(anonymous_47)","decl":{"start":{"line":632,"column":86},"end":{"line":632,"column":87}},"loc":{"start":{"line":632,"column":101},"end":{"line":637,"column":21}},"line":632},"48":{"name":"(anonymous_48)","decl":{"start":{"line":647,"column":24},"end":{"line":647,"column":25}},"loc":{"start":{"line":647,"column":38},"end":{"line":683,"column":1}},"line":647},"49":{"name":"(anonymous_49)","decl":{"start":{"line":651,"column":106},"end":{"line":651,"column":107}},"loc":{"start":{"line":651,"column":120},"end":{"line":682,"column":5}},"line":651},"50":{"name":"(anonymous_50)","decl":{"start":{"line":664,"column":15},"end":{"line":664,"column":16}},"loc":{"start":{"line":664,"column":30},"end":{"line":681,"column":9}},"line":664},"51":{"name":"(anonymous_51)","decl":{"start":{"line":675,"column":19},"end":{"line":675,"column":20}},"loc":{"start":{"line":675,"column":34},"end":{"line":680,"column":13}},"line":675},"52":{"name":"(anonymous_52)","decl":{"start":{"line":688,"column":17},"end":{"line":688,"column":18}},"loc":{"start":{"line":688,"column":31},"end":{"line":690,"column":5}},"line":688},"53":{"name":"(anonymous_53)","decl":{"start":{"line":693,"column":17},"end":{"line":693,"column":18}},"loc":{"start":{"line":693,"column":31},"end":{"line":695,"column":5}},"line":693},"54":{"name":"(anonymous_54)","decl":{"start":{"line":699,"column":17},"end":{"line":699,"column":18}},"loc":{"start":{"line":699,"column":23},"end":{"line":702,"column":1}},"line":699},"55":{"name":"(anonymous_55)","decl":{"start":{"line":705,"column":21},"end":{"line":705,"column":22}},"loc":{"start":{"line":705,"column":27},"end":{"line":714,"column":1}},"line":705},"56":{"name":"(anonymous_56)","decl":{"start":{"line":706,"column":13},"end":{"line":706,"column":14}},"loc":{"start":{"line":706,"column":22},"end":{"line":713,"column":5}},"line":706}},"branchMap":{"0":{"loc":{"start":{"line":10,"column":13},"end":{"line":10,"column":37}},"type":"binary-expr","locations":[{"start":{"line":10,"column":13},"end":{"line":10,"column":29}},{"start":{"line":10,"column":33},"end":{"line":10,"column":37}}],"line":10},"1":{"loc":{"start":{"line":12,"column":19},"end":{"line":12,"column":83}},"type":"binary-expr","locations":[{"start":{"line":12,"column":19},"end":{"line":12,"column":41}},{"start":{"line":12,"column":45},"end":{"line":12,"column":83}}],"line":12},"2":{"loc":{"start":{"line":22,"column":4},"end":{"line":27,"column":5}},"type":"if","locations":[{"start":{"line":22,"column":4},"end":{"line":27,"column":5}},{"start":{"line":24,"column":11},"end":{"line":27,"column":5}}],"line":22},"3":{"loc":{"start":{"line":93,"column":20},"end":{"line":93,"column":78}},"type":"if","locations":[{"start":{"line":93,"column":20},"end":{"line":93,"column":78}},{"start":{},"end":{}}],"line":93},"4":{"loc":{"start":{"line":103,"column":18},"end":{"line":103,"column":56}},"type":"binary-expr","locations":[{"start":{"line":103,"column":18},"end":{"line":103,"column":28}},{"start":{"line":103,"column":32},"end":{"line":103,"column":56}}],"line":103},"5":{"loc":{"start":{"line":105,"column":4},"end":{"line":107,"column":5}},"type":"if","locations":[{"start":{"line":105,"column":4},"end":{"line":107,"column":5}},{"start":{},"end":{}}],"line":105},"6":{"loc":{"start":{"line":110,"column":8},"end":{"line":112,"column":9}},"type":"if","locations":[{"start":{"line":110,"column":8},"end":{"line":112,"column":9}},{"start":{},"end":{}}],"line":110},"7":{"loc":{"start":{"line":120,"column":4},"end":{"line":122,"column":5}},"type":"if","locations":[{"start":{"line":120,"column":4},"end":{"line":122,"column":5}},{"start":{},"end":{}}],"line":120},"8":{"loc":{"start":{"line":132,"column":4},"end":{"line":134,"column":5}},"type":"if","locations":[{"start":{"line":132,"column":4},"end":{"line":134,"column":5}},{"start":{},"end":{}}],"line":132},"9":{"loc":{"start":{"line":132,"column":8},"end":{"line":132,"column":40}},"type":"binary-expr","locations":[{"start":{"line":132,"column":8},"end":{"line":132,"column":17}},{"start":{"line":132,"column":21},"end":{"line":132,"column":27}},{"start":{"line":132,"column":31},"end":{"line":132,"column":40}}],"line":132},"10":{"loc":{"start":{"line":136,"column":4},"end":{"line":138,"column":5}},"type":"if","locations":[{"start":{"line":136,"column":4},"end":{"line":138,"column":5}},{"start":{},"end":{}}],"line":136},"11":{"loc":{"start":{"line":142,"column":8},"end":{"line":144,"column":9}},"type":"if","locations":[{"start":{"line":142,"column":8},"end":{"line":144,"column":9}},{"start":{},"end":{}}],"line":142},"12":{"loc":{"start":{"line":145,"column":8},"end":{"line":147,"column":9}},"type":"if","locations":[{"start":{"line":145,"column":8},"end":{"line":147,"column":9}},{"start":{},"end":{}}],"line":145},"13":{"loc":{"start":{"line":157,"column":16},"end":{"line":159,"column":17}},"type":"if","locations":[{"start":{"line":157,"column":16},"end":{"line":159,"column":17}},{"start":{},"end":{}}],"line":157},"14":{"loc":{"start":{"line":179,"column":4},"end":{"line":181,"column":5}},"type":"if","locations":[{"start":{"line":179,"column":4},"end":{"line":181,"column":5}},{"start":{},"end":{}}],"line":179},"15":{"loc":{"start":{"line":179,"column":8},"end":{"line":179,"column":30}},"type":"binary-expr","locations":[{"start":{"line":179,"column":8},"end":{"line":179,"column":17}},{"start":{"line":179,"column":21},"end":{"line":179,"column":30}}],"line":179},"16":{"loc":{"start":{"line":184,"column":8},"end":{"line":186,"column":9}},"type":"if","locations":[{"start":{"line":184,"column":8},"end":{"line":186,"column":9}},{"start":{},"end":{}}],"line":184},"17":{"loc":{"start":{"line":187,"column":8},"end":{"line":189,"column":9}},"type":"if","locations":[{"start":{"line":187,"column":8},"end":{"line":189,"column":9}},{"start":{},"end":{}}],"line":187},"18":{"loc":{"start":{"line":192,"column":8},"end":{"line":194,"column":9}},"type":"if","locations":[{"start":{"line":192,"column":8},"end":{"line":194,"column":9}},{"start":{},"end":{}}],"line":192},"19":{"loc":{"start":{"line":215,"column":8},"end":{"line":218,"column":9}},"type":"if","locations":[{"start":{"line":215,"column":8},"end":{"line":218,"column":9}},{"start":{},"end":{}}],"line":215},"20":{"loc":{"start":{"line":229,"column":4},"end":{"line":232,"column":5}},"type":"if","locations":[{"start":{"line":229,"column":4},"end":{"line":232,"column":5}},{"start":{},"end":{}}],"line":229},"21":{"loc":{"start":{"line":234,"column":4},"end":{"line":237,"column":5}},"type":"if","locations":[{"start":{"line":234,"column":4},"end":{"line":237,"column":5}},{"start":{},"end":{}}],"line":234},"22":{"loc":{"start":{"line":239,"column":4},"end":{"line":242,"column":5}},"type":"if","locations":[{"start":{"line":239,"column":4},"end":{"line":242,"column":5}},{"start":{},"end":{}}],"line":239},"23":{"loc":{"start":{"line":244,"column":4},"end":{"line":247,"column":5}},"type":"if","locations":[{"start":{"line":244,"column":4},"end":{"line":247,"column":5}},{"start":{},"end":{}}],"line":244},"24":{"loc":{"start":{"line":252,"column":8},"end":{"line":255,"column":9}},"type":"if","locations":[{"start":{"line":252,"column":8},"end":{"line":255,"column":9}},{"start":{},"end":{}}],"line":252},"25":{"loc":{"start":{"line":264,"column":4},"end":{"line":266,"column":5}},"type":"if","locations":[{"start":{"line":264,"column":4},"end":{"line":266,"column":5}},{"start":{},"end":{}}],"line":264},"26":{"loc":{"start":{"line":264,"column":8},"end":{"line":264,"column":62}},"type":"binary-expr","locations":[{"start":{"line":264,"column":8},"end":{"line":264,"column":13}},{"start":{"line":264,"column":17},"end":{"line":264,"column":23}},{"start":{"line":264,"column":27},"end":{"line":264,"column":36}},{"start":{"line":264,"column":40},"end":{"line":264,"column":62}}],"line":264},"27":{"loc":{"start":{"line":268,"column":4},"end":{"line":270,"column":5}},"type":"if","locations":[{"start":{"line":268,"column":4},"end":{"line":270,"column":5}},{"start":{},"end":{}}],"line":268},"28":{"loc":{"start":{"line":272,"column":4},"end":{"line":274,"column":5}},"type":"if","locations":[{"start":{"line":272,"column":4},"end":{"line":274,"column":5}},{"start":{},"end":{}}],"line":272},"29":{"loc":{"start":{"line":280,"column":12},"end":{"line":283,"column":13}},"type":"if","locations":[{"start":{"line":280,"column":12},"end":{"line":283,"column":13}},{"start":{},"end":{}}],"line":280},"30":{"loc":{"start":{"line":300,"column":4},"end":{"line":302,"column":5}},"type":"if","locations":[{"start":{"line":300,"column":4},"end":{"line":302,"column":5}},{"start":{},"end":{}}],"line":300},"31":{"loc":{"start":{"line":300,"column":8},"end":{"line":300,"column":62}},"type":"binary-expr","locations":[{"start":{"line":300,"column":8},"end":{"line":300,"column":13}},{"start":{"line":300,"column":17},"end":{"line":300,"column":23}},{"start":{"line":300,"column":27},"end":{"line":300,"column":36}},{"start":{"line":300,"column":40},"end":{"line":300,"column":62}}],"line":300},"32":{"loc":{"start":{"line":304,"column":4},"end":{"line":306,"column":5}},"type":"if","locations":[{"start":{"line":304,"column":4},"end":{"line":306,"column":5}},{"start":{},"end":{}}],"line":304},"33":{"loc":{"start":{"line":308,"column":4},"end":{"line":310,"column":5}},"type":"if","locations":[{"start":{"line":308,"column":4},"end":{"line":310,"column":5}},{"start":{},"end":{}}],"line":308},"34":{"loc":{"start":{"line":316,"column":12},"end":{"line":319,"column":13}},"type":"if","locations":[{"start":{"line":316,"column":12},"end":{"line":319,"column":13}},{"start":{},"end":{}}],"line":316},"35":{"loc":{"start":{"line":320,"column":12},"end":{"line":323,"column":13}},"type":"if","locations":[{"start":{"line":320,"column":12},"end":{"line":323,"column":13}},{"start":{},"end":{}}],"line":320},"36":{"loc":{"start":{"line":340,"column":8},"end":{"line":343,"column":9}},"type":"if","locations":[{"start":{"line":340,"column":8},"end":{"line":343,"column":9}},{"start":{},"end":{}}],"line":340},"37":{"loc":{"start":{"line":344,"column":8},"end":{"line":347,"column":9}},"type":"if","locations":[{"start":{"line":344,"column":8},"end":{"line":347,"column":9}},{"start":{},"end":{}}],"line":344},"38":{"loc":{"start":{"line":357,"column":4},"end":{"line":359,"column":5}},"type":"if","locations":[{"start":{"line":357,"column":4},"end":{"line":359,"column":5}},{"start":{},"end":{}}],"line":357},"39":{"loc":{"start":{"line":357,"column":8},"end":{"line":357,"column":50}},"type":"binary-expr","locations":[{"start":{"line":357,"column":8},"end":{"line":357,"column":25}},{"start":{"line":357,"column":29},"end":{"line":357,"column":50}}],"line":357},"40":{"loc":{"start":{"line":363,"column":8},"end":{"line":365,"column":9}},"type":"if","locations":[{"start":{"line":363,"column":8},"end":{"line":365,"column":9}},{"start":{},"end":{}}],"line":363},"41":{"loc":{"start":{"line":366,"column":8},"end":{"line":368,"column":9}},"type":"if","locations":[{"start":{"line":366,"column":8},"end":{"line":368,"column":9}},{"start":{},"end":{}}],"line":366},"42":{"loc":{"start":{"line":370,"column":8},"end":{"line":374,"column":9}},"type":"if","locations":[{"start":{"line":370,"column":8},"end":{"line":374,"column":9}},{"start":{},"end":{}}],"line":370},"43":{"loc":{"start":{"line":381,"column":16},"end":{"line":383,"column":17}},"type":"if","locations":[{"start":{"line":381,"column":16},"end":{"line":383,"column":17}},{"start":{},"end":{}}],"line":381},"44":{"loc":{"start":{"line":387,"column":20},"end":{"line":389,"column":21}},"type":"if","locations":[{"start":{"line":387,"column":20},"end":{"line":389,"column":21}},{"start":{},"end":{}}],"line":387},"45":{"loc":{"start":{"line":406,"column":4},"end":{"line":408,"column":5}},"type":"if","locations":[{"start":{"line":406,"column":4},"end":{"line":408,"column":5}},{"start":{},"end":{}}],"line":406},"46":{"loc":{"start":{"line":406,"column":8},"end":{"line":406,"column":48}},"type":"binary-expr","locations":[{"start":{"line":406,"column":8},"end":{"line":406,"column":24}},{"start":{"line":406,"column":28},"end":{"line":406,"column":48}}],"line":406},"47":{"loc":{"start":{"line":412,"column":8},"end":{"line":414,"column":9}},"type":"if","locations":[{"start":{"line":412,"column":8},"end":{"line":414,"column":9}},{"start":{},"end":{}}],"line":412},"48":{"loc":{"start":{"line":415,"column":8},"end":{"line":417,"column":9}},"type":"if","locations":[{"start":{"line":415,"column":8},"end":{"line":417,"column":9}},{"start":{},"end":{}}],"line":415},"49":{"loc":{"start":{"line":424,"column":16},"end":{"line":426,"column":17}},"type":"if","locations":[{"start":{"line":424,"column":16},"end":{"line":426,"column":17}},{"start":{},"end":{}}],"line":424},"50":{"loc":{"start":{"line":430,"column":20},"end":{"line":432,"column":21}},"type":"if","locations":[{"start":{"line":430,"column":20},"end":{"line":432,"column":21}},{"start":{},"end":{}}],"line":430},"51":{"loc":{"start":{"line":452,"column":4},"end":{"line":455,"column":5}},"type":"if","locations":[{"start":{"line":452,"column":4},"end":{"line":455,"column":5}},{"start":{},"end":{}}],"line":452},"52":{"loc":{"start":{"line":460,"column":8},"end":{"line":463,"column":9}},"type":"if","locations":[{"start":{"line":460,"column":8},"end":{"line":463,"column":9}},{"start":{},"end":{}}],"line":460},"53":{"loc":{"start":{"line":472,"column":4},"end":{"line":474,"column":5}},"type":"if","locations":[{"start":{"line":472,"column":4},"end":{"line":474,"column":5}},{"start":{},"end":{}}],"line":472},"54":{"loc":{"start":{"line":472,"column":8},"end":{"line":472,"column":48}},"type":"binary-expr","locations":[{"start":{"line":472,"column":8},"end":{"line":472,"column":18}},{"start":{"line":472,"column":22},"end":{"line":472,"column":31}},{"start":{"line":472,"column":35},"end":{"line":472,"column":48}}],"line":472},"55":{"loc":{"start":{"line":476,"column":4},"end":{"line":478,"column":5}},"type":"if","locations":[{"start":{"line":476,"column":4},"end":{"line":478,"column":5}},{"start":{},"end":{}}],"line":476},"56":{"loc":{"start":{"line":482,"column":8},"end":{"line":484,"column":9}},"type":"if","locations":[{"start":{"line":482,"column":8},"end":{"line":484,"column":9}},{"start":{},"end":{}}],"line":482},"57":{"loc":{"start":{"line":485,"column":8},"end":{"line":487,"column":9}},"type":"if","locations":[{"start":{"line":485,"column":8},"end":{"line":487,"column":9}},{"start":{},"end":{}}],"line":485},"58":{"loc":{"start":{"line":488,"column":8},"end":{"line":490,"column":9}},"type":"if","locations":[{"start":{"line":488,"column":8},"end":{"line":490,"column":9}},{"start":{},"end":{}}],"line":488},"59":{"loc":{"start":{"line":497,"column":91},"end":{"line":497,"column":113}},"type":"binary-expr","locations":[{"start":{"line":497,"column":91},"end":{"line":497,"column":104}},{"start":{"line":497,"column":108},"end":{"line":497,"column":113}}],"line":497},"60":{"loc":{"start":{"line":499,"column":16},"end":{"line":501,"column":17}},"type":"if","locations":[{"start":{"line":499,"column":16},"end":{"line":501,"column":17}},{"start":{},"end":{}}],"line":499},"61":{"loc":{"start":{"line":508,"column":24},"end":{"line":510,"column":25}},"type":"if","locations":[{"start":{"line":508,"column":24},"end":{"line":510,"column":25}},{"start":{},"end":{}}],"line":508},"62":{"loc":{"start":{"line":514,"column":53},"end":{"line":514,"column":72}},"type":"binary-expr","locations":[{"start":{"line":514,"column":53},"end":{"line":514,"column":66}},{"start":{"line":514,"column":70},"end":{"line":514,"column":72}}],"line":514},"63":{"loc":{"start":{"line":523,"column":47},"end":{"line":523,"column":69}},"type":"binary-expr","locations":[{"start":{"line":523,"column":47},"end":{"line":523,"column":60}},{"start":{"line":523,"column":64},"end":{"line":523,"column":69}}],"line":523},"64":{"loc":{"start":{"line":535,"column":23},"end":{"line":535,"column":44}},"type":"binary-expr","locations":[{"start":{"line":535,"column":23},"end":{"line":535,"column":35}},{"start":{"line":535,"column":39},"end":{"line":535,"column":44}}],"line":535},"65":{"loc":{"start":{"line":539,"column":8},"end":{"line":542,"column":9}},"type":"if","locations":[{"start":{"line":539,"column":8},"end":{"line":542,"column":9}},{"start":{},"end":{}}],"line":539},"66":{"loc":{"start":{"line":544,"column":8},"end":{"line":576,"column":9}},"type":"if","locations":[{"start":{"line":544,"column":8},"end":{"line":576,"column":9}},{"start":{"line":551,"column":15},"end":{"line":576,"column":9}}],"line":544},"67":{"loc":{"start":{"line":551,"column":15},"end":{"line":576,"column":9}},"type":"if","locations":[{"start":{"line":551,"column":15},"end":{"line":576,"column":9}},{"start":{"line":569,"column":15},"end":{"line":576,"column":9}}],"line":551},"68":{"loc":{"start":{"line":554,"column":16},"end":{"line":567,"column":17}},"type":"if","locations":[{"start":{"line":554,"column":16},"end":{"line":567,"column":17}},{"start":{"line":560,"column":23},"end":{"line":567,"column":17}}],"line":554},"69":{"loc":{"start":{"line":584,"column":19},"end":{"line":584,"column":41}},"type":"binary-expr","locations":[{"start":{"line":584,"column":19},"end":{"line":584,"column":35}},{"start":{"line":584,"column":39},"end":{"line":584,"column":41}}],"line":584},"70":{"loc":{"start":{"line":588,"column":4},"end":{"line":591,"column":5}},"type":"if","locations":[{"start":{"line":588,"column":4},"end":{"line":591,"column":5}},{"start":{},"end":{}}],"line":588},"71":{"loc":{"start":{"line":596,"column":8},"end":{"line":599,"column":9}},"type":"if","locations":[{"start":{"line":596,"column":8},"end":{"line":599,"column":9}},{"start":{},"end":{}}],"line":596},"72":{"loc":{"start":{"line":612,"column":8},"end":{"line":612,"column":69}},"type":"if","locations":[{"start":{"line":612,"column":8},"end":{"line":612,"column":69}},{"start":{},"end":{}}],"line":612},"73":{"loc":{"start":{"line":617,"column":12},"end":{"line":617,"column":73}},"type":"if","locations":[{"start":{"line":617,"column":12},"end":{"line":617,"column":73}},{"start":{},"end":{}}],"line":617},"74":{"loc":{"start":{"line":623,"column":16},"end":{"line":623,"column":77}},"type":"if","locations":[{"start":{"line":623,"column":16},"end":{"line":623,"column":77}},{"start":{},"end":{}}],"line":623},"75":{"loc":{"start":{"line":628,"column":20},"end":{"line":628,"column":81}},"type":"if","locations":[{"start":{"line":628,"column":20},"end":{"line":628,"column":81}},{"start":{},"end":{}}],"line":628},"76":{"loc":{"start":{"line":633,"column":24},"end":{"line":633,"column":85}},"type":"if","locations":[{"start":{"line":633,"column":24},"end":{"line":633,"column":85}},{"start":{},"end":{}}],"line":633},"77":{"loc":{"start":{"line":652,"column":8},"end":{"line":652,"column":69}},"type":"if","locations":[{"start":{"line":652,"column":8},"end":{"line":652,"column":69}},{"start":{},"end":{}}],"line":652},"78":{"loc":{"start":{"line":655,"column":26},"end":{"line":655,"column":67}},"type":"cond-expr","locations":[{"start":{"line":655,"column":42},"end":{"line":655,"column":63}},{"start":{"line":655,"column":66},"end":{"line":655,"column":67}}],"line":655},"79":{"loc":{"start":{"line":665,"column":12},"end":{"line":665,"column":73}},"type":"if","locations":[{"start":{"line":665,"column":12},"end":{"line":665,"column":73}},{"start":{},"end":{}}],"line":665},"80":{"loc":{"start":{"line":676,"column":16},"end":{"line":676,"column":77}},"type":"if","locations":[{"start":{"line":676,"column":16},"end":{"line":676,"column":77}},{"start":{},"end":{}}],"line":676},"81":{"loc":{"start":{"line":686,"column":0},"end":{"line":696,"column":1}},"type":"if","locations":[{"start":{"line":686,"column":0},"end":{"line":696,"column":1}},{"start":{"line":691,"column":7},"end":{"line":696,"column":1}}],"line":686},"82":{"loc":{"start":{"line":707,"column":8},"end":{"line":711,"column":9}},"type":"if","locations":[{"start":{"line":707,"column":8},"end":{"line":711,"column":9}},{"start":{"line":709,"column":15},"end":{"line":711,"column":9}}],"line":707}},"s":{"0":1,"1":1,"2":1,"3":1,"4":1,"5":1,"6":1,"7":1,"8":1,"9":1,"10":1,"11":1,"12":1,"13":1,"14":1,"15":1,"16":1,"17":0,"18":1,"19":1,"20":1,"21":1,"22":1,"23":1,"24":1,"25":1,"26":1,"27":1,"28":0,"29":0,"30":1,"31":0,"32":0,"33":0,"34":0,"35":0,"36":0,"37":0,"38":0,"39":0,"40":0,"41":0,"42":0,"43":1,"44":0,"45":0,"46":0,"47":0,"48":0,"49":0,"50":0,"51":0,"52":0,"53":0,"54":0,"55":0,"56":0,"57":0,"58":0,"59":0,"60":1,"61":0,"62":0,"63":0,"64":0,"65":0,"66":0,"67":0,"68":0,"69":0,"70":0,"71":0,"72":0,"73":0,"74":1,"75":0,"76":0,"77":0,"78":0,"79":0,"80":1,"81":0,"82":0,"83":0,"84":0,"85":0,"86":0,"87":0,"88":0,"89":0,"90":0,"91":0,"92":0,"93":0,"94":0,"95":0,"96":0,"97":0,"98":0,"99":0,"100":0,"101":0,"102":1,"103":0,"104":0,"105":0,"106":0,"107":0,"108":0,"109":0,"110":0,"111":0,"112":0,"113":0,"114":0,"115":1,"116":0,"117":0,"118":0,"119":0,"120":0,"121":0,"122":0,"123":0,"124":0,"125":0,"126":0,"127":0,"128":0,"129":0,"130":0,"131":0,"132":1,"133":0,"134":0,"135":0,"136":0,"137":0,"138":0,"139":0,"140":0,"141":0,"142":1,"143":0,"144":0,"145":0,"146":0,"147":0,"148":0,"149":0,"150":0,"151":0,"152":0,"153":0,"154":0,"155":0,"156":0,"157":0,"158":0,"159":0,"160":0,"161":1,"162":0,"163":0,"164":0,"165":0,"166":0,"167":0,"168":0,"169":0,"170":0,"171":0,"172":0,"173":0,"174":0,"175":0,"176":0,"177":0,"178":1,"179":0,"180":0,"181":0,"182":0,"183":0,"184":0,"185":0,"186":0,"187":0,"188":0,"189":0,"190":0,"191":1,"192":0,"193":0,"194":0,"195":0,"196":0,"197":0,"198":0,"199":0,"200":0,"201":0,"202":0,"203":0,"204":0,"205":0,"206":0,"207":0,"208":0,"209":0,"210":0,"211":0,"212":0,"213":0,"214":0,"215":0,"216":0,"217":0,"218":0,"219":0,"220":0,"221":0,"222":0,"223":0,"224":0,"225":0,"226":0,"227":1,"228":0,"229":0,"230":0,"231":0,"232":0,"233":0,"234":0,"235":0,"236":0,"237":0,"238":0,"239":0,"240":1,"241":0,"242":0,"243":0,"244":0,"245":0,"246":0,"247":0,"248":0,"249":0,"250":0,"251":0,"252":0,"253":0,"254":0,"255":0,"256":0,"257":0,"258":0,"259":0,"260":0,"261":0,"262":0,"263":0,"264":1,"265":0,"266":0,"267":0,"268":0,"269":0,"270":0,"271":0,"272":0,"273":0,"274":0,"275":0,"276":0,"277":0,"278":0,"279":0,"280":0,"281":1,"282":0,"283":0,"284":0,"285":1,"286":0,"287":1,"288":0,"289":0,"290":1,"291":0,"292":0,"293":0,"294":0,"295":0},"f":{"0":1,"1":1,"2":1,"3":0,"4":0,"5":0,"6":0,"7":0,"8":0,"9":0,"10":0,"11":0,"12":0,"13":0,"14":0,"15":0,"16":0,"17":0,"18":0,"19":0,"20":0,"21":0,"22":0,"23":0,"24":0,"25":0,"26":0,"27":0,"28":0,"29":0,"30":0,"31":0,"32":0,"33":0,"34":0,"35":0,"36":0,"37":0,"38":0,"39":0,"40":0,"41":0,"42":0,"43":0,"44":0,"45":0,"46":0,"47":0,"48":0,"49":0,"50":0,"51":0,"52":0,"53":0,"54":0,"55":0,"56":0},"b":{"0":[1,1],"1":[1,1],"2":[0,1],"3":[0,0],"4":[0,0],"5":[0,0],"6":[0,0],"7":[0,0],"8":[0,0],"9":[0,0,0],"10":[0,0],"11":[0,0],"12":[0,0],"13":[0,0],"14":[0,0],"15":[0,0],"16":[0,0],"17":[0,0],"18":[0,0],"19":[0,0],"20":[0,0],"21":[0,0],"22":[0,0],"23":[0,0],"24":[0,0],"25":[0,0],"26":[0,0,0,0],"27":[0,0],"28":[0,0],"29":[0,0],"30":[0,0],"31":[0,0,0,0],"32":[0,0],"33":[0,0],"34":[0,0],"35":[0,0],"36":[0,0],"37":[0,0],"38":[0,0],"39":[0,0],"40":[0,0],"41":[0,0],"42":[0,0],"43":[0,0],"44":[0,0],"45":[0,0],"46":[0,0],"47":[0,0],"48":[0,0],"49":[0,0],"50":[0,0],"51":[0,0],"52":[0,0],"53":[0,0],"54":[0,0,0],"55":[0,0],"56":[0,0],"57":[0,0],"58":[0,0],"59":[0,0],"60":[0,0],"61":[0,0],"62":[0,0],"63":[0,0],"64":[0,0],"65":[0,0],"66":[0,0],"67":[0,0],"68":[0,0],"69":[0,0],"70":[0,0],"71":[0,0],"72":[0,0],"73":[0,0],"74":[0,0],"75":[0,0],"76":[0,0],"77":[0,0],"78":[0,0],"79":[0,0],"80":[0,0],"81":[0,1],"82":[0,0]},"_coverageSchema":"1a1c01bbd47fc00a2c39e90264f33305004495a9","hash":"8614c7ad48123fde9edbb09b21465187ad1f9c81"}
}
