TN:
SF:server.js
FN:21,(anonymous_0)
FN:31,initializeTables
FN:32,(anonymous_2)
FN:92,(anonymous_3)
FN:101,authenticateToken
FN:109,(anonymous_5)
FN:119,requireAdmin
FN:129,(anonymous_7)
FN:141,(anonymous_8)
FN:156,(anonymous_9)
FN:176,(anonymous_10)
FN:183,(anonymous_11)
FN:213,(anonymous_12)
FN:214,(anonymous_13)
FN:224,(anonymous_14)
FN:251,(anonymous_15)
FN:261,(anonymous_16)
FN:279,(anonymous_17)
FN:296,(anonymous_18)
FN:315,(anonymous_19)
FN:337,(anonymous_20)
FN:339,(anonymous_21)
FN:353,(anonymous_22)
FN:362,(anonymous_23)
FN:380,(anonymous_24)
FN:386,(anonymous_25)
FN:402,(anonymous_26)
FN:411,(anonymous_27)
FN:423,(anonymous_28)
FN:429,(anonymous_29)
FN:447,(anonymous_30)
FN:459,(anonymous_31)
FN:469,(anonymous_32)
FN:481,(anonymous_33)
FN:498,(anonymous_34)
FN:507,(anonymous_35)
FN:514,(anonymous_36)
FN:534,updateCustomer
FN:538,(anonymous_38)
FN:553,(anonymous_39)
FN:583,(anonymous_40)
FN:595,(anonymous_41)
FN:607,(anonymous_42)
FN:611,(anonymous_43)
FN:616,(anonymous_44)
FN:622,(anonymous_45)
FN:627,(anonymous_46)
FN:632,(anonymous_47)
FN:647,(anonymous_48)
FN:651,(anonymous_49)
FN:664,(anonymous_50)
FN:675,(anonymous_51)
FN:688,(anonymous_52)
FN:693,(anonymous_53)
FN:699,(anonymous_54)
FN:705,(anonymous_55)
FN:706,(anonymous_56)
FNF:57
FNH:3
FNDA:1,(anonymous_0)
FNDA:1,initializeTables
FNDA:1,(anonymous_2)
FNDA:0,(anonymous_3)
FNDA:0,authenticateToken
FNDA:0,(anonymous_5)
FNDA:0,requireAdmin
FNDA:0,(anonymous_7)
FNDA:0,(anonymous_8)
FNDA:0,(anonymous_9)
FNDA:0,(anonymous_10)
FNDA:0,(anonymous_11)
FNDA:0,(anonymous_12)
FNDA:0,(anonymous_13)
FNDA:0,(anonymous_14)
FNDA:0,(anonymous_15)
FNDA:0,(anonymous_16)
FNDA:0,(anonymous_17)
FNDA:0,(anonymous_18)
FNDA:0,(anonymous_19)
FNDA:0,(anonymous_20)
FNDA:0,(anonymous_21)
FNDA:0,(anonymous_22)
FNDA:0,(anonymous_23)
FNDA:0,(anonymous_24)
FNDA:0,(anonymous_25)
FNDA:0,(anonymous_26)
FNDA:0,(anonymous_27)
FNDA:0,(anonymous_28)
FNDA:0,(anonymous_29)
FNDA:0,(anonymous_30)
FNDA:0,(anonymous_31)
FNDA:0,(anonymous_32)
FNDA:0,(anonymous_33)
FNDA:0,(anonymous_34)
FNDA:0,(anonymous_35)
FNDA:0,(anonymous_36)
FNDA:0,updateCustomer
FNDA:0,(anonymous_38)
FNDA:0,(anonymous_39)
FNDA:0,(anonymous_40)
FNDA:0,(anonymous_41)
FNDA:0,(anonymous_42)
FNDA:0,(anonymous_43)
FNDA:0,(anonymous_44)
FNDA:0,(anonymous_45)
FNDA:0,(anonymous_46)
FNDA:0,(anonymous_47)
FNDA:0,(anonymous_48)
FNDA:0,(anonymous_49)
FNDA:0,(anonymous_50)
FNDA:0,(anonymous_51)
FNDA:0,(anonymous_52)
FNDA:0,(anonymous_53)
FNDA:0,(anonymous_54)
FNDA:0,(anonymous_55)
FNDA:0,(anonymous_56)
DA:1,1
DA:2,1
DA:3,1
DA:4,1
DA:5,1
DA:6,1
DA:7,1
DA:9,1
DA:10,1
DA:11,1
DA:12,1
DA:15,1
DA:16,1
DA:17,1
DA:18,1
DA:21,1
DA:22,1
DA:23,0
DA:25,1
DA:26,1
DA:32,1
DA:34,1
DA:44,1
DA:54,1
DA:64,1
DA:75,1
DA:89,1
DA:90,1
DA:93,0
DA:96,1
DA:102,0
DA:103,0
DA:105,0
DA:106,0
DA:109,0
DA:110,0
DA:111,0
DA:113,0
DA:114,0
DA:120,0
DA:121,0
DA:123,0
DA:129,1
DA:130,0
DA:132,0
DA:133,0
DA:136,0
DA:137,0
DA:141,0
DA:142,0
DA:143,0
DA:145,0
DA:146,0
DA:150,0
DA:153,0
DA:157,0
DA:158,0
DA:160,0
DA:165,0
DA:176,1
DA:177,0
DA:179,0
DA:180,0
DA:183,0
DA:184,0
DA:185,0
DA:187,0
DA:188,0
DA:191,0
DA:192,0
DA:193,0
DA:196,0
DA:202,0
DA:213,1
DA:214,0
DA:215,0
DA:216,0
DA:217,0
DA:219,0
DA:224,1
DA:225,0
DA:226,0
DA:227,0
DA:229,0
DA:230,0
DA:231,0
DA:234,0
DA:235,0
DA:236,0
DA:239,0
DA:240,0
DA:241,0
DA:244,0
DA:245,0
DA:246,0
DA:249,0
DA:251,0
DA:252,0
DA:253,0
DA:254,0
DA:256,0
DA:261,1
DA:262,0
DA:264,0
DA:265,0
DA:268,0
DA:269,0
DA:272,0
DA:273,0
DA:276,0
DA:280,0
DA:281,0
DA:282,0
DA:284,0
DA:296,1
DA:297,0
DA:298,0
DA:300,0
DA:301,0
DA:304,0
DA:305,0
DA:308,0
DA:309,0
DA:312,0
DA:316,0
DA:317,0
DA:318,0
DA:320,0
DA:321,0
DA:322,0
DA:324,0
DA:337,1
DA:338,0
DA:339,0
DA:340,0
DA:341,0
DA:342,0
DA:344,0
DA:345,0
DA:346,0
DA:348,0
DA:353,1
DA:354,0
DA:355,0
DA:357,0
DA:358,0
DA:362,0
DA:363,0
DA:364,0
DA:366,0
DA:367,0
DA:370,0
DA:371,0
DA:377,0
DA:381,0
DA:382,0
DA:386,0
DA:387,0
DA:388,0
DA:390,0
DA:402,1
DA:403,0
DA:404,0
DA:406,0
DA:407,0
DA:411,0
DA:412,0
DA:413,0
DA:415,0
DA:416,0
DA:420,0
DA:424,0
DA:425,0
DA:429,0
DA:430,0
DA:431,0
DA:433,0
DA:447,1
DA:448,0
DA:449,0
DA:450,0
DA:452,0
DA:453,0
DA:454,0
DA:457,0
DA:459,0
DA:460,0
DA:461,0
DA:462,0
DA:464,0
DA:469,1
DA:470,0
DA:472,0
DA:473,0
DA:476,0
DA:477,0
DA:481,0
DA:482,0
DA:483,0
DA:485,0
DA:486,0
DA:488,0
DA:489,0
DA:492,0
DA:495,0
DA:499,0
DA:500,0
DA:504,0
DA:508,0
DA:509,0
DA:513,0
DA:514,0
DA:515,0
DA:535,0
DA:538,0
DA:539,0
DA:540,0
DA:541,0
DA:544,0
DA:546,0
DA:551,0
DA:553,0
DA:554,0
DA:555,0
DA:562,0
DA:571,0
DA:583,1
DA:584,0
DA:585,0
DA:586,0
DA:588,0
DA:589,0
DA:590,0
DA:593,0
DA:595,0
DA:596,0
DA:597,0
DA:598,0
DA:600,0
DA:607,1
DA:608,0
DA:611,0
DA:612,0
DA:613,0
DA:616,0
DA:617,0
DA:618,0
DA:621,0
DA:622,0
DA:623,0
DA:624,0
DA:627,0
DA:628,0
DA:629,0
DA:632,0
DA:633,0
DA:634,0
DA:636,0
DA:647,1
DA:648,0
DA:651,0
DA:652,0
DA:653,0
DA:654,0
DA:655,0
DA:658,0
DA:665,0
DA:666,0
DA:669,0
DA:676,0
DA:677,0
DA:679,0
DA:686,1
DA:687,0
DA:688,0
DA:689,0
DA:693,1
DA:694,0
DA:699,1
DA:700,0
DA:701,0
DA:705,1
DA:706,0
DA:707,0
DA:708,0
DA:710,0
DA:712,0
LF:287
LH:46
BRDA:10,0,0,1
BRDA:10,0,1,1
BRDA:12,1,0,1
BRDA:12,1,1,1
BRDA:22,2,0,0
BRDA:22,2,1,1
BRDA:93,3,0,0
BRDA:93,3,1,0
BRDA:103,4,0,0
BRDA:103,4,1,0
BRDA:105,5,0,0
BRDA:105,5,1,0
BRDA:110,6,0,0
BRDA:110,6,1,0
BRDA:120,7,0,0
BRDA:120,7,1,0
BRDA:132,8,0,0
BRDA:132,8,1,0
BRDA:132,9,0,0
BRDA:132,9,1,0
BRDA:132,9,2,0
BRDA:136,10,0,0
BRDA:136,10,1,0
BRDA:142,11,0,0
BRDA:142,11,1,0
BRDA:145,12,0,0
BRDA:145,12,1,0
BRDA:157,13,0,0
BRDA:157,13,1,0
BRDA:179,14,0,0
BRDA:179,14,1,0
BRDA:179,15,0,0
BRDA:179,15,1,0
BRDA:184,16,0,0
BRDA:184,16,1,0
BRDA:187,17,0,0
BRDA:187,17,1,0
BRDA:192,18,0,0
BRDA:192,18,1,0
BRDA:215,19,0,0
BRDA:215,19,1,0
BRDA:229,20,0,0
BRDA:229,20,1,0
BRDA:234,21,0,0
BRDA:234,21,1,0
BRDA:239,22,0,0
BRDA:239,22,1,0
BRDA:244,23,0,0
BRDA:244,23,1,0
BRDA:252,24,0,0
BRDA:252,24,1,0
BRDA:264,25,0,0
BRDA:264,25,1,0
BRDA:264,26,0,0
BRDA:264,26,1,0
BRDA:264,26,2,0
BRDA:264,26,3,0
BRDA:268,27,0,0
BRDA:268,27,1,0
BRDA:272,28,0,0
BRDA:272,28,1,0
BRDA:280,29,0,0
BRDA:280,29,1,0
BRDA:300,30,0,0
BRDA:300,30,1,0
BRDA:300,31,0,0
BRDA:300,31,1,0
BRDA:300,31,2,0
BRDA:300,31,3,0
BRDA:304,32,0,0
BRDA:304,32,1,0
BRDA:308,33,0,0
BRDA:308,33,1,0
BRDA:316,34,0,0
BRDA:316,34,1,0
BRDA:320,35,0,0
BRDA:320,35,1,0
BRDA:340,36,0,0
BRDA:340,36,1,0
BRDA:344,37,0,0
BRDA:344,37,1,0
BRDA:357,38,0,0
BRDA:357,38,1,0
BRDA:357,39,0,0
BRDA:357,39,1,0
BRDA:363,40,0,0
BRDA:363,40,1,0
BRDA:366,41,0,0
BRDA:366,41,1,0
BRDA:370,42,0,0
BRDA:370,42,1,0
BRDA:381,43,0,0
BRDA:381,43,1,0
BRDA:387,44,0,0
BRDA:387,44,1,0
BRDA:406,45,0,0
BRDA:406,45,1,0
BRDA:406,46,0,0
BRDA:406,46,1,0
BRDA:412,47,0,0
BRDA:412,47,1,0
BRDA:415,48,0,0
BRDA:415,48,1,0
BRDA:424,49,0,0
BRDA:424,49,1,0
BRDA:430,50,0,0
BRDA:430,50,1,0
BRDA:452,51,0,0
BRDA:452,51,1,0
BRDA:460,52,0,0
BRDA:460,52,1,0
BRDA:472,53,0,0
BRDA:472,53,1,0
BRDA:472,54,0,0
BRDA:472,54,1,0
BRDA:472,54,2,0
BRDA:476,55,0,0
BRDA:476,55,1,0
BRDA:482,56,0,0
BRDA:482,56,1,0
BRDA:485,57,0,0
BRDA:485,57,1,0
BRDA:488,58,0,0
BRDA:488,58,1,0
BRDA:497,59,0,0
BRDA:497,59,1,0
BRDA:499,60,0,0
BRDA:499,60,1,0
BRDA:508,61,0,0
BRDA:508,61,1,0
BRDA:514,62,0,0
BRDA:514,62,1,0
BRDA:523,63,0,0
BRDA:523,63,1,0
BRDA:535,64,0,0
BRDA:535,64,1,0
BRDA:539,65,0,0
BRDA:539,65,1,0
BRDA:544,66,0,0
BRDA:544,66,1,0
BRDA:551,67,0,0
BRDA:551,67,1,0
BRDA:554,68,0,0
BRDA:554,68,1,0
BRDA:584,69,0,0
BRDA:584,69,1,0
BRDA:588,70,0,0
BRDA:588,70,1,0
BRDA:596,71,0,0
BRDA:596,71,1,0
BRDA:612,72,0,0
BRDA:612,72,1,0
BRDA:617,73,0,0
BRDA:617,73,1,0
BRDA:623,74,0,0
BRDA:623,74,1,0
BRDA:628,75,0,0
BRDA:628,75,1,0
BRDA:633,76,0,0
BRDA:633,76,1,0
BRDA:652,77,0,0
BRDA:652,77,1,0
BRDA:655,78,0,0
BRDA:655,78,1,0
BRDA:665,79,0,0
BRDA:665,79,1,0
BRDA:676,80,0,0
BRDA:676,80,1,0
BRDA:686,81,0,0
BRDA:686,81,1,1
BRDA:707,82,0,0
BRDA:707,82,1,0
BRF:172
BRH:6
end_of_record
